iobytes_file_new:

youtube480:
13:18:00 in:875209 out:7376265 tot:8251474
-------------------------

youtube720:
13:20:00 in:1453961 out:8317898 tot:9771859
-------------------------

youtube1080:
13:21:00 in:4106774 out:8819264 tot:12926038
-------------------------

smplayer-cctv-480:
13:30:00 in:166655 out:0 tot:166655
-------------------------

smplayer-cctv-720:
13:33:00 in:157453 out:0 tot:157453
-------------------------

smplayer-cctv-1080:
13:35:00 in:64468 out:0 tot:64468
-------------------------

web-utd:
13:39:00 in:20488656 out:16323197 tot:36811853
-------------------------

web-vbaidu-163:
13:41:00 in:31826169 out:25172270 tot:56998439
-------------------------

gimp:
13:43:00 in:120140 out:1563 tot:121703
-------------------------

pixlr-online:
13:45:00 in:611910 out:162 tot:612072
13:46:00 in:28513935 out:11927761 tot:40441696
-------------------------

librewriter:
13:48:00 in:58190926 out:36185263 tot:94376189
-------------------------

