iobytes_new:

youtube480:
13:18:00 in:17161999 out:17068679 tot:34230678
-------------------------

youtube720:
13:20:00 in:19120188 out:18165396 tot:37285584
-------------------------

youtube1080:
13:21:00 in:21687395 out:17768806 tot:39456201
-------------------------

smplayer-cctv-480:
13:30:00 in:5631650 out:943678 tot:6575328
-------------------------

smplayer-cctv-720:
13:33:00 in:9968425 out:770343 tot:10738768
-------------------------

smplayer-cctv-1080:
13:35:00 in:6140462 out:258055 tot:6398517
-------------------------

web-utd:
13:39:00 in:48913129 out:35420126 tot:84333255
-------------------------

web-vbaidu-163:
13:41:00 in:86485823 out:71634379 tot:158120202
-------------------------

gimp:
13:43:00 in:2153405 out:2050500 tot:4203905
-------------------------

pixlr-online:
13:45:00 in:2365256 out:1563 tot:2366819
13:46:00 in:54981024 out:35806226 tot:90787250
-------------------------

librewriter:
13:48:00 in:69202633 out:47273090 tot:116475723
-------------------------

