iobytes_net_new:

youtube480:
13:18:00 in:6611383 out:15495 tot:6626878
-------------------------

youtube720:
13:20:00 in:7831760 out:15756 tot:7847516
-------------------------

youtube1080:
13:21:00 in:8638977 out:7908 tot:8646885
-------------------------

smplayer-cctv-480:
13:30:00 in:4496949 out:1542 tot:4498491
-------------------------

smplayer-cctv-720:
13:33:00 in:9022610 out:1363 tot:9023973
-------------------------

smplayer-cctv-1080:
13:35:00 in:5802836 out:1931 tot:5804767
-------------------------

web-utd:
13:39:00 in:4869495 out:67820 tot:4937315
-------------------------

web-vbaidu-163:
13:41:00 in:8606354 out:463450 tot:9069804
-------------------------

gimp:
13:43:00 in:200 out:200 tot:400
-------------------------

pixlr-online:
13:45:00 in:2080 out:923 tot:3003
13:46:00 in:150242 out:49218 tot:199460
-------------------------

librewriter:
13:48:00 in:0 out:0 tot:0
-------------------------

