topports_server:

youtube480:
Bytes               Srv Port            
--------------------------------------------------------------------------------
6.31M               443
8.72KB              53
270B                5353
90B                 767
90B                 0
-------------------------

youtube720:
Bytes               Srv Port            
--------------------------------------------------------------------------------
10.73M              443
15.08KB             53
2.49KB              80
180B                5353
90B                 767
90B                 0
-------------------------

youtube1080:
Bytes               Srv Port            
--------------------------------------------------------------------------------
33.58M              443
6.30KB              53
-------------------------

smplayer-cctv-480:
Bytes               Srv Port            
--------------------------------------------------------------------------------
6.49M               80
2.84KB              53
-------------------------

smplayer-cctv-720:
Bytes               Srv Port            
--------------------------------------------------------------------------------
15.58M              80
2.84KB              53
180B                5353
90B                 767
90B                 0
-------------------------

smplayer-cctv-1080:
Bytes               Srv Port            
--------------------------------------------------------------------------------
14.72M              80
6.35KB              53
-------------------------

web-utd:
Bytes               Srv Port            
--------------------------------------------------------------------------------
5.25M               443
28.18KB             53
3.53KB              80
-------------------------

web-vbaidu-163:
Bytes               Srv Port            
--------------------------------------------------------------------------------
7.27M               80
2.96M               443
150.12KB            53
-------------------------

gimp:
Bytes               Srv Port            
--------------------------------------------------------------------------------
570B                5353
160B                767
160B                0
62B                 443
-------------------------

pixlr-online:
Bytes               Srv Port            
--------------------------------------------------------------------------------
150.60KB            443
42.58KB             53
5.66KB              80
1.38KB              5353
472B                767
472B                0
-------------------------

librewriter:
Bytes               Srv Port            
--------------------------------------------------------------------------------
-------------------------

