topprocs_net:

youtube480:
Bytes               Process             PID                 
--------------------------------------------------------------------------------
6.31M               Socket              4499
6.20KB              systemd-resolve     4841
2.52KB              DNS                 4499
450B                avahi-daemon        810
-------------------------

youtube720:
Bytes               Process             PID                 
--------------------------------------------------------------------------------
10.74M              Socket              4499
11.80KB             systemd-resolve     4841
3.28KB              DNS                 4499
360B                avahi-daemon        810
-------------------------

youtube1080:
Bytes               Process             PID                 
--------------------------------------------------------------------------------
33.58M              Socket              4499
4.49KB              systemd-resolve     4841
1.81KB              DNS                 4499
-------------------------

smplayer-cctv-480:
Bytes               Process             PID                 
--------------------------------------------------------------------------------
6.49M               mpv/demux           5209
2.19KB              systemd-resolve     4841
-------------------------

smplayer-cctv-720:
Bytes               Process             PID                 
--------------------------------------------------------------------------------
15.58M              mpv/demux           5428
2.19KB              systemd-resolve     4841
360B                avahi-daemon        810
-------------------------

smplayer-cctv-1080:
Bytes               Process             PID                 
--------------------------------------------------------------------------------
14.72M              mpv/demux           5456
4.42KB              systemd-resolve     4841
-------------------------

web-utd:
Bytes               Process             PID                 
--------------------------------------------------------------------------------
5.25M               Socket              5612
22.19KB             systemd-resolve     4841
5.99KB              DNS                 5612
-------------------------

web-vbaidu-163:
Bytes               Process             PID                 
--------------------------------------------------------------------------------
10.23M              Socket              5612
120.96KB            systemd-resolve     4841
29.16KB             DNS                 5612
-------------------------

gimp:
Bytes               Process             PID                 
--------------------------------------------------------------------------------
890B                avahi-daemon        810
62B                 snapd               816
-------------------------

pixlr-online:
Bytes               Process             PID                 
--------------------------------------------------------------------------------
156.26KB            Socket              6119
32.99KB             systemd-resolve     4841
9.59KB              DNS                 6119
2.30KB              avahi-daemon        810
-------------------------

librewriter:
Bytes               Process             PID                 
--------------------------------------------------------------------------------
-------------------------

