topprocs_cpu:

youtube480:
CPU%                Process             PID                 
--------------------------------------------------------------------------------
4.59%               MediaPD~oder        4543
3.45%               Compositor          4499
2.04%               gnome-shell         3612
1.97%               Web                 4543
1.29%               sysdig              4980
0.97%               firefox             4499
0.93%               MediaDe~hine        4543
0.90%               AudioIP~ent         4543
0.88%               AudioIPC            4499
0.88%               Xorg                3423
-------------------------

youtube720:
CPU%                Process             PID                 
--------------------------------------------------------------------------------
9.31%               MediaPD~oder        4543
2.86%               Compositor          4499
2.17%               Web                 4543
1.37%               firefox             4499
1.29%               sysdig              5014
0.93%               MediaDe~hine        4543
0.89%               AudioIP~ent         4543
0.88%               MediaPl~back        4543
0.83%               AudioIPC            4499
0.63%               Xorg                3423
-------------------------

youtube1080:
CPU%                Process             PID                 
--------------------------------------------------------------------------------
18.40%              MediaPD~oder        4543
3.46%               Compositor          4499
2.85%               Web                 4543
1.65%               Socket              4499
1.47%               sysdig              5047
1.38%               firefox             4499
1.04%               MediaPl~back        4543
0.99%               Cache2              4499
0.92%               AudioIP~ent         4543
0.92%               MediaDe~hine        4543
-------------------------

smplayer-cctv-480:
CPU%                Process             PID                 
--------------------------------------------------------------------------------
24.28%              gnome-shell         3612
19.69%              mpv/vo              5209
3.64%               mpv                 5209
1.94%               Xorg                3423
0.79%               sysdig              5244
0.54%               alsa-sink-Intel     3623
0.51%               smplayer            5198
0.32%               pulseaudio          3623
0.21%               threaded-ml         5209
0.19%               mpv/lua             5209
-------------------------

smplayer-cctv-720:
CPU%                Process             PID                 
--------------------------------------------------------------------------------
29.54%              gnome-shell         3612
25.17%              mpv/vo              5428
9.36%               mpv                 5428
2.26%               Xorg                3423
0.81%               sysdig              5454
0.55%               smplayer            5198
0.52%               alsa-sink-Intel     3623
0.32%               pulseaudio          3623
0.28%               mpv/demux           5428
0.20%               mpv/lua             5428
-------------------------

smplayer-cctv-1080:
CPU%                Process             PID                 
--------------------------------------------------------------------------------
18.61%              mpv/vo              5456
8.24%               mpv                 5456
0.71%               Xorg                3423
0.56%               gnome-shell         3612
0.49%               smplayer            5198
0.49%               sysdig              5488
0.43%               alsa-sink-Intel     3623
0.28%               mpv/demux           5456
0.23%               pulseaudio          3623
0.18%               mpv/lua             5456
-------------------------

web-utd:
CPU%                Process             PID                 
--------------------------------------------------------------------------------
18.47%              gnome-shell         3612
7.04%               firefox             5612
5.78%               Web                 5660
4.71%               Xorg                3423
4.71%               Compositor          5612
1.69%               MediaPD~oder        5660
1.49%               sysdig              5783
0.68%               Chrome_~dThread     5660
0.57%               Socket              5612
0.51%               Gecko_IOThread      5612
-------------------------

web-vbaidu-163:
CPU%                Process             PID                 
--------------------------------------------------------------------------------
19.77%              Web                 5660
19.15%              gnome-shell         3612
11.80%              firefox             5612
9.61%               Web                 5746
5.14%               Compositor          5612
4.95%               Xorg                3423
3.57%               Socket              5612
1.88%               sysdig              5840
1.46%               Cache2              5612
1.46%               PaintThread         5660
-------------------------

gimp:
CPU%                Process             PID                 
--------------------------------------------------------------------------------
17.70%              gnome-shell         3612
12.80%              gimp                5927
4.44%               Xorg                3423
0.94%               sysdig              6110
0.83%               InputThread         3423
0.30%               gnome-terminal-     4151
0.23%               dndX11              3563
0.18%               systemd             1
0.17%               async               5927
0.12%               gdbus               3632
-------------------------

pixlr-online:
CPU%                Process             PID                 
--------------------------------------------------------------------------------
27.27%              Web                 6166
10.82%              gnome-shell         3612
6.31%               firefox             6119
3.77%               Xorg                3423
2.11%               Web                 6252
1.58%               sysdig              6351
1.32%               Compositor          6119
0.74%               Chrome_~dThread     6166
0.74%               InputThread         3423
0.60%               Gecko_IOThread      6119
-------------------------

librewriter:
CPU%                Process             PID                 
--------------------------------------------------------------------------------
14.17%              gnome-shell         3612
9.71%               soffice.bin         6387
3.01%               Xorg                3423
0.95%               sysdig              6431
0.68%               InputThread         3423
0.30%               gdbus               3632
0.23%               dndX11              3563
0.15%               gnome-terminal-     4151
0.13%               ibus-daemon         3632
0.13%               systemd             1
-------------------------

